<?xml version="1.0" encoding="UTF-8"?>
<!-- Generated by org.testng.reporters.JUnitReportReporter -->
<testsuite skipped="0" hostname="DESAI" name="testscripts.Test1" tests="1" failures="0" timestamp="2023-04-04T14:45:42 IST" time="8.614" errors="0">
  <testcase name="test1" time="8.614" classname="testscripts.Test1"/>
  <system-out/>
</testsuite> <!-- testscripts.Test1 -->
