<?xml version="1.0" encoding="UTF-8"?>
<!-- Generated by org.testng.reporters.JUnitReportReporter -->
<testsuite skipped="0" hostname="DESAI" name="testscripts.Test3" tests="1" failures="0" timestamp="2023-04-04T15:32:06 IST" time="36.584" errors="0">
  <testcase name="test3" time="36.584" classname="testscripts.Test3"/>
  <system-out/>
</testsuite> <!-- testscripts.Test3 -->
