<?xml version="1.0" encoding="UTF-8"?>
<!-- Generated by org.testng.reporters.JUnitReportReporter -->
<testsuite skipped="0" hostname="DESAI" name="testscripts.Test2" tests="1" failures="0" timestamp="2023-04-04T15:30:06 IST" time="29.028" errors="0">
  <testcase name="test2" time="29.028" classname="testscripts.Test2"/>
  <system-out/>
</testsuite> <!-- testscripts.Test2 -->
